2024-12-08T21:45:38.392Z [ERROR]: Usuario no encontrado
2024-12-08T22:10:27.266Z [INFO]: /api/v1/auth/login POST
2024-12-08T22:55:17.089Z [INFO]: /api/v1/auth/login POST
2024-12-08T22:56:03.640Z [INFO]: /api/v1/patients/ GET
2024-12-08T22:56:14.136Z [INFO]: /api/v1/patients/ GET
2024-12-08T22:57:03.080Z [INFO]: /api/v1/patients/createPatient POST
2024-12-08T22:57:03.185Z [ERROR]: /api/v1/patients/createPatient POST invalid input syntax for type uuid: "11.111.111-1"
2024-12-08T22:58:07.248Z [INFO]: /api/v1/patients/createPatient POST
2024-12-08T22:58:16.004Z [INFO]: /api/v1/patients/ GET
2024-12-08T23:00:02.691Z [INFO]: /api/v1/patients/createPatient POST
2024-12-08T23:00:09.986Z [INFO]: /api/v1/patients GET
2024-12-08T23:00:35.092Z [INFO]: /api/v1/patients/updatePatient PUT
2024-12-08T23:14:34.167Z [INFO]: /api/v1/patients/deletePatient DELETE
2024-12-08T23:32:36.201Z [INFO]: /api/v1/patients/ GET
2024-12-08T23:33:19.662Z [INFO]: /api/v1/patients/patientByRut GET
2024-12-08T23:36:47.211Z [INFO]: /api/v1/patients/11.111.111-1 GET
2024-12-08T23:37:20.656Z [INFO]: /api/v1/patients/11.111.111-1 GET
2024-12-08T23:37:46.189Z [INFO]: /api/v1/patients/11.111.111-1 GET
2024-12-09T01:04:48.876Z [INFO]: /api/v1/api/v1/auth/login POST
2024-12-09T01:05:20.244Z [INFO]: /api/v1/api/v1/auth/login POST
2024-12-09T01:06:16.818Z [INFO]: /api/v1/api/v1/auth/login POST
2024-12-09T01:06:59.639Z [INFO]: /api/v1/api/v1/auth/login POST
2024-12-09T01:07:34.105Z [INFO]: /api/v1/api/v1/auth/login POST
2024-12-09T01:07:52.043Z [INFO]: /api/v1/api/v1/auth/login POST
2024-12-09T02:08:51.132Z [INFO]: /users/ GET
2024-12-09T02:09:20.322Z [INFO]: /users/ GET
2024-12-09T02:12:59.357Z [INFO]: /api/v1/users/ GET
2024-12-09T02:26:24.529Z [INFO]: /api/v1/users/ GET
2024-12-09T02:27:39.471Z [INFO]: /api/v1/users/ GET
2024-12-09T02:37:08.219Z [INFO]: /api/v1/patients/ GET
2024-12-09T02:38:03.835Z [INFO]: /api/v1/patients/ GET
2024-12-09T02:41:20.533Z [INFO]: /api/v1/patients/ GET
2024-12-09T02:41:20.558Z [INFO]: /api/v1/users/ GET
2025-01-11T15:00:41.936Z [INFO]: /api/v1/users GET
2025-01-11T15:01:16.129Z [INFO]: /api/v1/users GET
2025-01-11T15:01:50.986Z [INFO]: /api/v1/users/createUser POST
2025-01-11T15:04:50.763Z [INFO]: /api/v1/auth/login POST
2025-01-11T15:04:50.768Z [ERROR]: /api/v1/auth/login POST "password" length must be at least 6 characters long
2025-01-11T15:05:46.113Z [INFO]: /api/v1/auth/login POST
2025-01-11T15:05:46.240Z [ERROR]: /api/v1/auth/login POST Credenciales incorrectas
2025-01-11T15:06:22.876Z [INFO]: /api/v1/auth/register POST
2025-01-11T15:16:53.760Z [INFO]: /api/v1/patients/createPatient POST
2025-01-11T15:20:10.473Z [INFO]: /api/v1/patients GET
2025-01-13T00:30:31.441Z [INFO]: /swagger-ui/ GET
2025-01-13T00:30:51.795Z [INFO]: /swagger-ui-ui.html GET
2025-01-13T00:31:41.045Z [INFO]: /api-docs GET
2025-01-13T00:32:56.796Z [INFO]: /api/v1 GET
2025-01-13T00:51:32.648Z [INFO]: /api/v1/auth/register POST
2025-01-13T00:52:35.666Z [INFO]: /api/v1/auth/login POST
2025-01-13T00:52:35.672Z [ERROR]: /api/v1/auth/login POST "password" length must be at least 6 characters long
2025-01-13T00:52:42.494Z [INFO]: /api/v1/auth/login POST
2025-01-13T00:52:42.620Z [ERROR]: /api/v1/auth/login POST Credenciales incorrectas
2025-01-13T00:54:05.023Z [INFO]: /api/v1/auth/register POST
2025-01-13T00:54:41.413Z [INFO]: /api/v1/auth/login POST
2025-01-13T00:56:25.674Z [INFO]: /api/v1/patients/createPatient POST
2025-01-13T00:57:46.762Z [INFO]: /api/v1/patients/11.111.111-1 GET
2025-01-13T00:58:17.751Z [INFO]: /api/v1/patients/updatePatient PUT
2025-01-13T00:58:45.066Z [INFO]: /api/v1/patients/deletePatient DELETE
2025-01-25T14:35:39.432Z [INFO]: /api/v1/auth/register POST
2025-01-25T14:36:05.089Z [INFO]: /api/v1/auth/login POST
2025-01-25T14:36:05.095Z [ERROR]: /api/v1/auth/login POST "id" is not allowed
2025-01-25T14:36:09.725Z [INFO]: /api/v1/auth/login POST
2025-01-25T14:37:35.540Z [INFO]: /api/v1/patients/createPatient POST
2025-01-25T14:37:47.893Z [INFO]: /api/v1/patients/createPatient POST
2025-01-25T14:38:13.087Z [INFO]: /api/v1/patients GET
2025-01-28T22:14:32.579Z [INFO]: /api/v1/auth/register POST
2025-01-28T22:15:12.136Z [INFO]: /api/v1/auth/login POST
2025-01-28T22:15:45.043Z [INFO]: /api/v1/patients/createPatient POST
2025-01-28T22:16:00.651Z [INFO]: /api/v1/patients GET
2025-01-28T22:16:31.379Z [ERROR]: /api/v1/patients/createPatient POST Unexpected non-whitespace character after JSON at position 114 (line 6 column 4)
2025-01-28T22:16:40.067Z [INFO]: /api/v1/patients/createPatient POST
2025-01-28T22:17:02.983Z [INFO]: /api/v1/patients/createPatient POST
2025-01-28T22:17:31.480Z [INFO]: /api/v1/patients GET
2025-01-28T22:17:53.698Z [INFO]: /api/v1/patients/11.111.111-4 GET
2025-01-28T22:18:27.740Z [INFO]: /api/v1/patients/updatePatient POST
2025-01-28T22:19:26.689Z [INFO]: /api/v1/patients/updatePatient PUT
2025-01-28T22:19:44.309Z [INFO]: /api/v1/patients/deletePatient DELETE
2025-01-28T22:19:52.192Z [INFO]: /api/v1/patients/ GET
2025-01-28T22:31:50.598Z [INFO]: /api/v1/auth/login POST
2025-01-28T22:32:21.755Z [INFO]: /api/v1/patients GET
2025-01-28T22:33:53.949Z [INFO]: /api/v1/patients/updatePatient PUT
2025-01-28T22:34:13.865Z [INFO]: /api/v1/patients/ GET
2025-01-28T22:34:53.281Z [INFO]: /api/v1/patients/11.111.111-1 GET
2025-02-18T22:49:57.678Z [INFO]: / GET
2025-02-18T22:49:57.756Z [INFO]: /app.js GET
2025-02-18T22:49:57.800Z [INFO]: /favicon.ico GET
2025-02-18T22:50:25.395Z [INFO]: / GET
2025-02-18T22:50:25.470Z [INFO]: /app.js GET
2025-02-18T22:51:32.072Z [INFO]: / GET
2025-02-18T22:51:32.083Z [INFO]: /app.js GET
2025-02-18T22:52:01.921Z [INFO]: / GET
2025-02-18T22:52:01.947Z [INFO]: /app.js GET
2025-02-18T22:53:22.348Z [INFO]: / GET
2025-02-18T22:53:22.363Z [INFO]: /app.js GET
2025-02-18T23:11:41.576Z [INFO]: / GET
2025-02-18T23:11:41.602Z [INFO]: /app.js GET
2025-02-18T23:11:42.646Z [INFO]: / GET
2025-02-18T23:11:42.665Z [INFO]: /app.js GET
2025-02-18T23:16:42.873Z [INFO]: / GET
2025-02-18T23:16:42.911Z [INFO]: /app.js GET
2025-02-18T23:16:43.017Z [INFO]: /favicon.ico GET
